*** Starting uWSGI 1.9 (64bit) on [Mon Jun  8 14:11:36 2015] ***
compiled with version: 4.4.7 20120313 (Red Hat 4.4.7-11) on 06 February 2015 18:00:25
os: Linux-2.6.32-431.el6.x86_64 #1 SMP Fri Nov 22 03:15:09 UTC 2013
nodename: tclserver-124-251-36-21.tcl.opi.com
machine: x86_64
clock source: unix
pcre jit disabled
detected number of CPU cores: 2
current working directory: /root/ops
detected binary path: /usr/bin/uwsgi
uWSGI running as root, you can use --uid/--gid/--chroot options
*** WARNING: you are running uWSGI as root !!! (use the --uid flag) *** 
*** WARNING: you are running uWSGI without its master process manager ***
your processes number limit is 12000
your memory page size is 4096 bytes
detected max file descriptor number: 65536
lock engine: pthread robust mutexes
uwsgi socket 0 bound to TCP address 127.0.0.1:9001 fd 3
Python version: 2.6.6 (r266:84292, Jan 22 2014, 09:42:36)  [GCC 4.4.7 20120313 (Red Hat 4.4.7-4)]
*** Python threads support is disabled. You can enable it with --enable-threads ***
Python main interpreter initialized at 0x13769c0
your server socket listen backlog is limited to 100 connections
your mercy for graceful operations on workers is 60 seconds
mapped 290528 bytes (283 KB) for 4 cores
*** Operational MODE: preforking ***
WSGI app 0 (mountpoint='') ready in 1 seconds on interpreter 0x13769c0 pid: 2564 (default app)
spawned uWSGI worker 1 (pid: 2564, cores: 1)
spawned uWSGI worker 2 (pid: 2565, cores: 1)
spawned uWSGI worker 3 (pid: 2566, cores: 1)
spawned uWSGI worker 4 (pid: 2567, cores: 1)
